#
# A fatal error has been detected by the Java Runtime Environment:
#
#  EXCEPTION_ACCESS_VIOLATION (0xc0000005) at pc=0x0000000055cef6af, pid=13984, tid=12392
#
# JRE version: Java(TM) SE Runtime Environment (8.0_60-b27) (build 1.8.0_60-b27)
# Java VM: Java HotSpot(TM) 64-Bit Server VM (25.60-b23 mixed mode windows-amd64 compressed oops)
# Problematic frame:
# V  [jvm.dll+0xbf6af]
#
# Failed to write core dump. Minidumps are not enabled by default on client versions of Windows
#
# If you would like to submit a bug report, please visit:
#   http://bugreport.java.com/bugreport/crash.jsp
#

---------------  T H R E A D  ---------------

Current thread (0x000000005701f000):  JavaThread "Daemon worker" [_thread_in_vm, id=12392, stack(0x0000000059130000,0x0000000059230000)]

siginfo: ExceptionCode=0xc0000005, reading address 0x000000000000009c

Registers:
RAX=0x0000000000000000, RBX=0x0000000014960ab0, RCX=0x0000000000000000, RDX=0x0000000000000000
RSP=0x0000000059228f70, RBP=0x00000000000002cb, RSI=0x0000000059229040, RDI=0x000000005701f000
R8 =0x0000000000000000, R9 =0x0000000000000000, R10=0x000000005b979f50, R11=0x0000000000000000
R12=0x0000000059229080, R13=0x000000000000002a, R14=0x0000000059229030, R15=0x0000000000000000
RIP=0x0000000055cef6af, EFLAGS=0x0000000000010287

Top of Stack: (sp=0x0000000059228f70)
0x0000000059228f70:   00000000000002cb 000000005701f000
0x0000000059228f80:   0000000059229080 0000000059228fb0
0x0000000059228f90:   0000000054f06158 000000005701f000
0x0000000059228fa0:   000000005701f000 000000005701f000
0x0000000059228fb0:   0000000000000000 000000005701f000
0x0000000059228fc0:   0000000059229138 000000005701f000
0x0000000059228fd0:   00000000592290b8 00000000000002cb
0x0000000059228fe0:   000000000000002a 00000000570192d0
0x0000000059228ff0:   000000005b979f50 0000000055cdfbe7
0x0000000059229000:   000000005701f000 0000000000000000
0x0000000059229010:   000000005b979f50 0000000059229190
0x0000000059229020:   00000000000002cb 000000005701f000
0x0000000059229030:   0000000000000000 0000000000000000
0x0000000059229040:   000000005b979f50 000000005701f000
0x0000000059229050:   000000005701f000 000000005701f000
0x0000000059229060:   0000000000000000 000000005b97ac10 

Instructions: (pc=0x0000000055cef6af)
0x0000000055cef68f:   8b 14 24 c6 44 24 30 01 49 8b ce c6 44 24 28 01
0x0000000055cef69f:   48 89 5c 24 20 e8 a7 d6 ff ff eb 4f 49 8b 04 24
0x0000000055cef6af:   8b 88 9c 00 00 00 c1 e9 09 f6 c1 01 49 8b ce 75
0x0000000055cef6bf:   19 c6 44 24 30 00 48 8b d0 c6 44 24 28 01 48 89 


Register to memory mapping:

RAX=0x0000000000000000 is an unknown value
RBX=0x0000000014960ab0 is pointing into metadata
RCX=0x0000000000000000 is an unknown value
RDX=0x0000000000000000 is an unknown value
RSP=0x0000000059228f70 is pointing into the stack for thread: 0x000000005701f000
RBP=0x00000000000002cb is an unknown value
RSI=0x0000000059229040 is pointing into the stack for thread: 0x000000005701f000
RDI=0x000000005701f000 is a thread
R8 =0x0000000000000000 is an unknown value
R9 =0x0000000000000000 is an unknown value
R10=0x000000005b979f50 is pointing into metadata
R11=0x0000000000000000 is an unknown value
R12=0x0000000059229080 is pointing into the stack for thread: 0x000000005701f000
R13=0x000000000000002a is an unknown value
R14=0x0000000059229030 is pointing into the stack for thread: 0x000000005701f000
R15=0x0000000000000000 is an unknown value


Stack: [0x0000000059130000,0x0000000059230000],  sp=0x0000000059228f70,  free space=995k
Native frames: (J=compiled Java code, j=interpreted, Vv=VM code, C=native code)
V  [jvm.dll+0xbf6af]
V  [jvm.dll+0xafbe7]
V  [jvm.dll+0x22ba7f]
V  [jvm.dll+0x22ec1d]
V  [jvm.dll+0x22f3ff]
C  0x00000000028d5fde

Java frames: (J=compiled Java code, j=interpreted, Vv=VM code)
v  ~RuntimeStub::ic_miss_stub
J 3360 C1 com.sun.org.apache.xerces.internal.dom.AttributeMap.setNamedItem(Lorg/w3c/dom/Node;)Lorg/w3c/dom/Node; (314 bytes) @ 0x0000000003401b64 [0x0000000003401800+0x364]
j  com.sun.org.apache.xerces.internal.dom.DeferredElementNSImpl.synchronizeData()V+206
j  com.sun.org.apache.xerces.internal.dom.ElementNSImpl.getNamespaceURI()Ljava/lang/String;+8
j  com.sun.org.apache.xml.internal.dtm.ref.dom2dtm.DOM2DTM.addNode(Lorg/w3c/dom/Node;III)I+253
j  com.sun.org.apache.xml.internal.dtm.ref.dom2dtm.DOM2DTM.nextNode()Z+507
j  com.sun.org.apache.xml.internal.dtm.ref.DTMDefaultBase._firstch(I)I+29
j  com.sun.org.apache.xml.internal.dtm.ref.DTMDefaultBase.getFirstChild(I)I+8
j  com.sun.org.apache.xml.internal.dtm.ref.DTMDefaultBaseTraversers$ChildTraverser.first(I)I+5
j  com.sun.org.apache.xpath.internal.axes.AxesWalker.getNextNode()I+25
j  com.sun.org.apache.xpath.internal.axes.AxesWalker.nextNode()I+19
j  com.sun.org.apache.xpath.internal.axes.WalkingIterator.nextNode()I+55
j  com.sun.org.apache.xpath.internal.axes.NodeSequence.nextNode()I+91
j  com.sun.org.apache.xpath.internal.axes.NodeSequence.item(I)I+6
j  com.sun.org.apache.xpath.internal.objects.XNodeSet.str()Ljava/lang/String;+2
j  com.sun.org.apache.xpath.internal.jaxp.XPathImpl.getResultAsType(Lcom/sun/org/apache/xpath/internal/objects/XObject;Ljavax/xml/namespace/QName;)Ljava/lang/Object;+11
j  com.sun.org.apache.xpath.internal.jaxp.XPathImpl.evaluate(Ljava/lang/String;Lorg/xml/sax/InputSource;Ljavax/xml/namespace/QName;)Ljava/lang/Object;+149
j  com.sun.org.apache.xpath.internal.jaxp.XPathImpl.evaluate(Ljava/lang/String;Lorg/xml/sax/InputSource;)Ljava/lang/String;+6
j  com.android.builder.core.DefaultManifestParser.getStringValue(Ljava/io/File;Ljava/lang/String;)Ljava/lang/String;+19
j  com.android.builder.core.DefaultManifestParser.getPackage(Ljava/io/File;)Ljava/lang/String;+11
j  com.android.builder.core.VariantConfiguration.getPackageFromManifest()Ljava/lang/String;+33
j  com.android.builder.core.VariantConfiguration.getOriginalApplicationId()Ljava/lang/String;+16
v  ~StubRoutines::call_stub
J 2378  sun.reflect.NativeMethodAccessorImpl.invoke0(Ljava/lang/reflect/Method;Ljava/lang/Object;[Ljava/lang/Object;)Ljava/lang/Object; (0 bytes) @ 0x00000000030ed5bf [0x00000000030ed540+0x7f]
J 2377 C1 sun.reflect.NativeMethodAccessorImpl.invoke(Ljava/lang/Object;[Ljava/lang/Object;)Ljava/lang/Object; (104 bytes) @ 0x00000000030ec854 [0x00000000030eb700+0x1154]
J 5313 C2 org.codehaus.groovy.reflection.CachedMethod.invoke(Ljava/lang/Object;[Ljava/lang/Object;)Ljava/lang/Object; (70 bytes) @ 0x00000000032f7274 [0x00000000032f7200+0x74]
J 5140 C1 groovy.lang.MetaMethod.doMethodInvoke(Ljava/lang/Object;[Ljava/lang/Object;)Ljava/lang/Object; (22 bytes) @ 0x0000000002d7157c [0x0000000002d713c0+0x1bc]
J 5087 C1 org.codehaus.groovy.runtime.metaclass.MethodMetaProperty$GetBeanMethodMetaProperty.getProperty(Ljava/lang/Object;)Ljava/lang/Object; (12 bytes) @ 0x00000000038c7e9c [0x00000000038c7d00+0x19c]
J 5091 C1 org.codehaus.groovy.runtime.callsite.GetEffectivePojoPropertySite.getProperty(Ljava/lang/Object;)Ljava/lang/Object; (15 bytes) @ 0x00000000038c9c44 [0x00000000038c9b40+0x104]
J 5118 C1 org.codehaus.groovy.runtime.callsite.AbstractCallSite.callGetProperty(Ljava/lang/Object;)Ljava/lang/Object; (12 bytes) @ 0x00000000038e866c [0x00000000038e84c0+0x1ac]
j  com.android.build.gradle.tasks.GenerateBuildConfig$_ConfigAction_execute_closure1.doCall(Ljava/lang/Object;)Ljava/lang/Object;+15
j  com.android.build.gradle.tasks.GenerateBuildConfig$_ConfigAction_execute_closure1.doCall()Ljava/lang/Object;+6
v  ~StubRoutines::call_stub
J 2378  sun.reflect.NativeMethodAccessorImpl.invoke0(Ljava/lang/reflect/Method;Ljava/lang/Object;[Ljava/lang/Object;)Ljava/lang/Object; (0 bytes) @ 0x00000000030ed5bf [0x00000000030ed540+0x7f]
J 2377 C1 sun.reflect.NativeMethodAccessorImpl.invoke(Ljava/lang/Object;[Ljava/lang/Object;)Ljava/lang/Object; (104 bytes) @ 0x00000000030ec854 [0x00000000030eb700+0x1154]
J 5313 C2 org.codehaus.groovy.reflection.CachedMethod.invoke(Ljava/lang/Object;[Ljava/lang/Object;)Ljava/lang/Object; (70 bytes) @ 0x00000000032f7274 [0x00000000032f7200+0x74]
J 5140 C1 groovy.lang.MetaMethod.doMethodInvoke(Ljava/lang/Object;[Ljava/lang/Object;)Ljava/lang/Object; (22 bytes) @ 0x0000000002d7157c [0x0000000002d713c0+0x1bc]
J 5100 C1 org.codehaus.groovy.runtime.metaclass.ClosureMetaClass.invokeMethod(Ljava/lang/Class;Ljava/lang/Object;Ljava/lang/String;[Ljava/lang/Object;ZZ)Ljava/lang/Object; (894 bytes) @ 0x00000000038d73a4 [0x00000000038d33c0+0x3fe4]
J 5085 C1 groovy.lang.MetaClassImpl.invokeMethod(Ljava/lang/Object;Ljava/lang/String;[Ljava/lang/Object;)Ljava/lang/Object; (14 bytes) @ 0x00000000038c5be4 [0x00000000038c5ac0+0x124]
J 5120 C1 groovy.lang.Closure.call([Ljava/lang/Object;)Ljava/lang/Object; (30 bytes) @ 0x00000000038e6104 [0x00000000038e5ce0+0x424]
j  groovy.lang.Closure.call()Ljava/lang/Object;+6
j  org.gradle.api.internal.ConventionAwareHelper$2.getValue(Lorg/gradle/api/plugins/Convention;Lorg/gradle/api/internal/IConventionAware;)Ljava/lang/Object;+4
j  org.gradle.api.internal.ConventionAwareHelper$MappedPropertyImpl.getValue(Lorg/gradle/api/plugins/Convention;Lorg/gradle/api/internal/IConventionAware;)Ljava/lang/Object;+13
J 4989 C2 org.gradle.api.internal.ConventionAwareHelper.getConventionValue(Ljava/lang/Object;Ljava/lang/String;Z)Ljava/lang/Object; (106 bytes) @ 0x0000000003875d8c [0x0000000003875960+0x42c]
j  com.android.build.gradle.tasks.GenerateBuildConfig_Decorated.getBuildConfigPackageName()Ljava/lang/String;+16
v  ~StubRoutines::call_stub
J 2378  sun.reflect.NativeMethodAccessorImpl.invoke0(Ljava/lang/reflect/Method;Ljava/lang/Object;[Ljava/lang/Object;)Ljava/lang/Object; (0 bytes) @ 0x00000000030ed5bf [0x00000000030ed540+0x7f]
J 2377 C1 sun.reflect.NativeMethodAccessorImpl.invoke(Ljava/lang/Object;[Ljava/lang/Object;)Ljava/lang/Object; (104 bytes) @ 0x00000000030ec854 [0x00000000030eb700+0x1154]
J 5084 C2 java.lang.reflect.Method.invoke(Ljava/lang/Object;[Ljava/lang/Object;)Ljava/lang/Object; (62 bytes) @ 0x00000000038e31f4 [0x00000000038e3180+0x74]
J 3844 C1 org.gradle.internal.reflect.JavaMethod.invoke(Ljava/lang/Object;[Ljava/lang/Object;)Ljava/lang/Object; (74 bytes) @ 0x0000000003510274 [0x0000000003510160+0x114]
j  org.gradle.api.internal.project.taskfactory.AnnotationProcessingTaskFactory$PropertyInfo$4.create()Ljava/lang/Object;+25
j  org.gradle.util.SingleMessageLogger.whileDisabled(Lorg/gradle/internal/Factory;)Ljava/lang/Object;+11
j  org.gradle.api.internal.project.taskfactory.AnnotationProcessingTaskFactory$PropertyInfo.getValue(Ljava/lang/Object;)Lorg/gradle/api/internal/project/taskfactory/AnnotationProcessingTaskFactory$PropertyValue;+49
j  org.gradle.api.internal.project.taskfactory.AnnotationProcessingTaskFactory$Validator.validate(Lorg/gradle/api/internal/TaskInternal;Ljava/util/Collection;)V+45
j  org.gradle.api.internal.tasks.execution.ValidatingTaskExecuter.execute(Lorg/gradle/api/internal/TaskInternal;Lorg/gradle/api/internal/tasks/TaskStateInternal;Lorg/gradle/api/internal/tasks/TaskExecutionContext;)V+49
j  org.gradle.api.internal.tasks.execution.SkipEmptySourceFilesTaskExecuter.execute(Lorg/gradle/api/internal/TaskInternal;Lorg/gradle/api/internal/tasks/TaskStateInternal;Lorg/gradle/api/internal/tasks/TaskExecutionContext;)V+111
j  org.gradle.api.internal.tasks.execution.SkipTaskWithNoActionsExecuter.execute(Lorg/gradle/api/internal/TaskInternal;Lorg/gradle/api/internal/tasks/TaskStateInternal;Lorg/gradle/api/internal/tasks/TaskExecutionContext;)V+110
j  org.gradle.api.internal.tasks.execution.SkipOnlyIfTaskExecuter.execute(Lorg/gradle/api/internal/TaskInternal;Lorg/gradle/api/internal/tasks/TaskStateInternal;Lorg/gradle/api/internal/tasks/TaskExecutionContext;)V+84
j  org.gradle.api.internal.tasks.execution.ExecuteAtMostOnceTaskExecuter.execute(Lorg/gradle/api/internal/TaskInternal;Lorg/gradle/api/internal/tasks/TaskStateInternal;Lorg/gradle/api/internal/tasks/TaskExecutionContext;)V+26
j  org.gradle.execution.taskgraph.DefaultTaskGraphExecuter$EventFiringTaskWorker.execute(Lorg/gradle/api/internal/TaskInternal;)V+106
j  org.gradle.execution.taskgraph.DefaultTaskGraphExecuter$EventFiringTaskWorker.execute(Ljava/lang/Object;)V+5
j  org.gradle.execution.taskgraph.AbstractTaskPlanExecutor$TaskExecutorWorker.processTask(Lorg/gradle/execution/taskgraph/TaskInfo;)V+8
j  org.gradle.execution.taskgraph.AbstractTaskPlanExecutor$TaskExecutorWorker.run()V+56
j  org.gradle.execution.taskgraph.DefaultTaskPlanExecutor.process(Lorg/gradle/execution/taskgraph/TaskExecutionPlan;Lorg/gradle/api/Action;)V+6
j  org.gradle.execution.taskgraph.DefaultTaskGraphExecuter.execute()V+65
j  org.gradle.execution.SelectedTaskExecutionAction.execute(Lorg/gradle/execution/BuildExecutionContext;)V+55
j  org.gradle.execution.DefaultBuildExecuter.execute(Lorg/gradle/api/internal/GradleInternal;I)V+37
j  org.gradle.execution.DefaultBuildExecuter.access$000(Lorg/gradle/execution/DefaultBuildExecuter;Lorg/gradle/api/internal/GradleInternal;I)V+3
j  org.gradle.execution.DefaultBuildExecuter$1.proceed()V+14
j  org.gradle.execution.DryRunBuildExecutionAction.execute(Lorg/gradle/execution/BuildExecutionContext;)V+68
j  org.gradle.execution.DefaultBuildExecuter.execute(Lorg/gradle/api/internal/GradleInternal;I)V+37
j  org.gradle.execution.DefaultBuildExecuter.execute(Lorg/gradle/api/internal/GradleInternal;)V+3
j  org.gradle.initialization.DefaultGradleLauncher$4.run()V+14
J 3552 C1 org.gradle.internal.Factories$1.create()Ljava/lang/Object; (11 bytes) @ 0x0000000002f8cdec [0x0000000002f8cd80+0x6c]
j  org.gradle.internal.progress.DefaultBuildOperationExecutor.run(Lorg/gradle/internal/progress/BuildOperationDetails;Lorg/gradle/internal/Factory;)Ljava/lang/Object;+171
j  org.gradle.internal.progress.DefaultBuildOperationExecutor.run(Ljava/lang/String;Ljava/lang/Runnable;)V+12
j  org.gradle.initialization.DefaultGradleLauncher.doBuildStages(Lorg/gradle/initialization/DefaultGradleLauncher$Stage;)V+85
j  org.gradle.initialization.DefaultGradleLauncher.access$200(Lorg/gradle/initialization/DefaultGradleLauncher;Lorg/gradle/initialization/DefaultGradleLauncher$Stage;)V+2
j  org.gradle.initialization.DefaultGradleLauncher$1.create()Lorg/gradle/BuildResult;+29
j  org.gradle.initialization.DefaultGradleLauncher$1.create()Ljava/lang/Object;+1
j  org.gradle.internal.progress.DefaultBuildOperationExecutor.run(Lorg/gradle/internal/progress/BuildOperationDetails;Lorg/gradle/internal/Factory;)Ljava/lang/Object;+171
j  org.gradle.internal.progress.DefaultBuildOperationExecutor.run(Ljava/lang/String;Lorg/gradle/internal/Factory;)Ljava/lang/Object;+9
j  org.gradle.initialization.DefaultGradleLauncher.doBuild(Lorg/gradle/initialization/DefaultGradleLauncher$Stage;)Lorg/gradle/BuildResult;+25
j  org.gradle.initialization.DefaultGradleLauncher.run()Lorg/gradle/BuildResult;+4
j  org.gradle.launcher.exec.InProcessBuildActionExecuter$DefaultBuildController.run()Lorg/gradle/api/internal/GradleInternal;+4
j  org.gradle.tooling.internal.provider.runner.BuildModelActionRunner.run(Lorg/gradle/internal/invocation/BuildAction;Lorg/gradle/internal/invocation/BuildController;)V+29
j  org.gradle.launcher.exec.ChainingBuildActionRunner.run(Lorg/gradle/internal/invocation/BuildAction;Lorg/gradle/internal/invocation/BuildController;)V+34
j  org.gradle.tooling.internal.provider.runner.SubscribableBuildActionRunner.run(Lorg/gradle/internal/invocation/BuildAction;Lorg/gradle/internal/invocation/BuildController;)V+37
j  org.gradle.launcher.exec.ChainingBuildActionRunner.run(Lorg/gradle/internal/invocation/BuildAction;Lorg/gradle/internal/invocation/BuildController;)V+34
j  org.gradle.launcher.exec.InProcessBuildActionExecuter.execute(Lorg/gradle/internal/invocation/BuildAction;Lorg/gradle/initialization/BuildRequestContext;Lorg/gradle/launcher/exec/BuildActionParameters;Lorg/gradle/internal/service/ServiceRegistry;)Ljava/lang/Object;+63
j  org.gradle.launcher.exec.InProcessBuildActionExecuter.execute(Lorg/gradle/internal/invocation/BuildAction;Lorg/gradle/initialization/BuildRequestContext;Ljava/lang/Object;Lorg/gradle/internal/service/ServiceRegistry;)Ljava/lang/Object;+9
j  org.gradle.launcher.exec.ContinuousBuildActionExecuter.execute(Lorg/gradle/internal/invocation/BuildAction;Lorg/gradle/initialization/BuildRequestContext;Lorg/gradle/launcher/exec/BuildActionParameters;Lorg/gradle/internal/service/ServiceRegistry;)Ljava/lang/Object;+70
j  org.gradle.launcher.exec.ContinuousBuildActionExecuter.execute(Lorg/gradle/internal/invocation/BuildAction;Lorg/gradle/initialization/BuildRequestContext;Ljava/lang/Object;Lorg/gradle/internal/service/ServiceRegistry;)Ljava/lang/Object;+9
j  org.gradle.launcher.daemon.server.exec.ExecuteBuild.doBuild(Lorg/gradle/launcher/daemon/server/api/DaemonCommandExecution;Lorg/gradle/launcher/daemon/protocol/Build;)V+74
j  org.gradle.launcher.daemon.server.exec.BuildCommandOnly.execute(Lorg/gradle/launcher/daemon/server/api/DaemonCommandExecution;)V+49
j  org.gradle.launcher.daemon.server.api.DaemonCommandExecution.proceed()Z+28
j  org.gradle.launcher.daemon.server.exec.WatchForDisconnection.execute(Lorg/gradle/launcher/daemon/server/api/DaemonCommandExecution;)V+19
j  org.gradle.launcher.daemon.server.api.DaemonCommandExecution.proceed()Z+28
j  org.gradle.launcher.daemon.server.exec.ResetDeprecationLogger.execute(Lorg/gradle/launcher/daemon/server/api/DaemonCommandExecution;)V+4
j  org.gradle.launcher.daemon.server.api.DaemonCommandExecution.proceed()Z+28
j  org.gradle.launcher.daemon.server.exec.RequestStopIfSingleUsedDaemon.execute(Lorg/gradle/launcher/daemon/server/api/DaemonCommandExecution;)V+31
j  org.gradle.launcher.daemon.server.api.DaemonCommandExecution.proceed()Z+28
j  org.gradle.launcher.daemon.server.exec.ForwardClientInput$2.call()Ljava/lang/Void;+4
j  org.gradle.launcher.daemon.server.exec.ForwardClientInput$2.call()Ljava/lang/Object;+1
j  org.gradle.util.Swapper.swap(Ljava/lang/Object;Ljava/util/concurrent/Callable;)Ljava/lang/Object;+21
j  org.gradle.launcher.daemon.server.exec.ForwardClientInput.execute(Lorg/gradle/launcher/daemon/server/api/DaemonCommandExecution;)V+63
j  org.gradle.launcher.daemon.server.api.DaemonCommandExecution.proceed()Z+28
j  org.gradle.launcher.daemon.server.health.DaemonHealthTracker.execute(Lorg/gradle/launcher/daemon/server/api/DaemonCommandExecution;)V+35
j  org.gradle.launcher.daemon.server.api.DaemonCommandExecution.proceed()Z+28
j  org.gradle.launcher.daemon.server.exec.LogToClient.doBuild(Lorg/gradle/launcher/daemon/server/api/DaemonCommandExecution;Lorg/gradle/launcher/daemon/protocol/Build;)V+106
j  org.gradle.launcher.daemon.server.exec.BuildCommandOnly.execute(Lorg/gradle/launcher/daemon/server/api/DaemonCommandExecution;)V+49
j  org.gradle.launcher.daemon.server.api.DaemonCommandExecution.proceed()Z+28
j  org.gradle.launcher.daemon.server.exec.EstablishBuildEnvironment.doBuild(Lorg/gradle/launcher/daemon/server/api/DaemonCommandExecution;Lorg/gradle/launcher/daemon/protocol/Build;)V+243
j  org.gradle.launcher.daemon.server.exec.BuildCommandOnly.execute(Lorg/gradle/launcher/daemon/server/api/DaemonCommandExecution;)V+49
j  org.gradle.launcher.daemon.server.api.DaemonCommandExecution.proceed()Z+28
j  org.gradle.launcher.daemon.server.health.HintGCAfterBuild.execute(Lorg/gradle/launcher/daemon/server/api/DaemonCommandExecution;)V+1
j  org.gradle.launcher.daemon.server.api.DaemonCommandExecution.proceed()Z+28
j  org.gradle.launcher.daemon.server.exec.StartBuildOrRespondWithBusy$1.run()V+44
j  org.gradle.launcher.daemon.server.DaemonStateCoordinator$1.run()V+4
j  org.gradle.internal.concurrent.ExecutorPolicy$CatchAndRecordFailures.onExecute(Ljava/lang/Runnable;)V+1
j  org.gradle.internal.concurrent.StoppableExecutorImpl$1.run()V+25
j  java.util.concurrent.ThreadPoolExecutor.runWorker(Ljava/util/concurrent/ThreadPoolExecutor$Worker;)V+95
j  java.util.concurrent.ThreadPoolExecutor$Worker.run()V+5
j  java.lang.Thread.run()V+11
v  ~StubRoutines::call_stub

---------------  P R O C E S S  ---------------

Java Threads: ( => current thread )
  0x000000005a38b800 JavaThread "Stdin handler" [_thread_blocked, id=1512, stack(0x000000005b4b0000,0x000000005b5b0000)]
  0x000000005a38b000 JavaThread "Cancel handler" [_thread_blocked, id=6828, stack(0x000000005af20000,0x000000005b020000)]
  0x000000005a38a000 JavaThread "Handler for socket connection from /127.0.0.1:60071 to /127.0.0.1:60257" [_thread_in_native, id=9232, stack(0x0000000058a70000,0x0000000058b70000)]
  0x00000000588e1800 JavaThread "File lock request listener" [_thread_in_native, id=792, stack(0x000000005abb0000,0x000000005acb0000)]
=>0x000000005701f000 JavaThread "Daemon worker" [_thread_in_vm, id=12392, stack(0x0000000059130000,0x0000000059230000)]
  0x000000005740b000 JavaThread "Daemon" [_thread_blocked, id=18260, stack(0x0000000058f30000,0x0000000059030000)]
  0x0000000054f20800 JavaThread "Incoming local TCP Connector on port 60071" [_thread_in_native, id=18980, stack(0x0000000058bb0000,0x0000000058cb0000)]
  0x00000000568c8800 JavaThread "Service Thread" daemon [_thread_blocked, id=9888, stack(0x0000000056e90000,0x0000000056f90000)]
  0x0000000054f0f000 JavaThread "C1 CompilerThread1" daemon [_thread_blocked, id=20872, stack(0x00000000567a0000,0x00000000568a0000)]
  0x0000000054f04000 JavaThread "C2 CompilerThread0" daemon [_thread_blocked, id=18904, stack(0x0000000055b30000,0x0000000055c30000)]
  0x0000000054f01800 JavaThread "Attach Listener" daemon [_thread_blocked, id=19952, stack(0x0000000056540000,0x0000000056640000)]
  0x0000000054ef5000 JavaThread "Signal Dispatcher" daemon [_thread_blocked, id=17084, stack(0x0000000056650000,0x0000000056750000)]
  0x0000000054e9e000 JavaThread "Finalizer" daemon [_thread_blocked, id=18028, stack(0x0000000055a20000,0x0000000055b20000)]
  0x0000000054e94800 JavaThread "Reference Handler" daemon [_thread_blocked, id=5392, stack(0x0000000055720000,0x0000000055820000)]
  0x0000000001e4f000 JavaThread "main" [_thread_blocked, id=14832, stack(0x00000000024c0000,0x00000000025c0000)]

Other Threads:
  0x0000000054e8f000 VMThread [stack: 0x0000000055860000,0x0000000055960000] [id=5556]
  0x00000000568cc800 WatcherThread [stack: 0x0000000056ca0000,0x0000000056da0000] [id=15936]

VM state:not at safepoint (normal execution)

VM Mutex/Monitor currently owned by a thread: None

Heap:
 PSYoungGen      total 166400K, used 92920K [0x00000000eab00000, 0x00000000f5e00000, 0x0000000100000000)
  eden space 154112K, 60% used [0x00000000eab00000,0x00000000f05be220,0x00000000f4180000)
  from space 12288K, 0% used [0x00000000f4f00000,0x00000000f4f00000,0x00000000f5b00000)
  to   space 13824K, 0% used [0x00000000f4180000,0x00000000f4180000,0x00000000f4f00000)
 ParOldGen       total 49664K, used 41553K [0x00000000c0000000, 0x00000000c3080000, 0x00000000eab00000)
  object space 49664K, 83% used [0x00000000c0000000,0x00000000c2894428,0x00000000c3080000)
 Metaspace       used 45380K, capacity 47188K, committed 47360K, reserved 1089536K
  class space    used 6218K, capacity 6638K, committed 6656K, reserved 1048576K

Card table byte_map: [0x0000000011c50000,0x0000000011e60000] byte_map_base: 0x0000000011650000

Marking Bits: (ParMarkBitMap*) 0x000000005643a5b0
 Begin Bits: [0x0000000012360000, 0x0000000013360000)
 End Bits:   [0x0000000013360000, 0x0000000014360000)

Polling page: 0x0000000000140000

CodeCache: size=245760Kb used=20141Kb max_used=20174Kb free=225618Kb
 bounds [0x0000000002890000, 0x0000000003c60000, 0x0000000011890000]
 total_blobs=6526 nmethods=5839 adapters=599
 compilation: enabled

Compilation events (10 events):
Event: 172.629 Thread 0x0000000054f0f000 nmethod 6566 0x0000000003c32850 code [0x0000000003c32a40, 0x0000000003c33448]
Event: 172.633 Thread 0x0000000054f0f000 6567       3       org.gradle.internal.serialize.DefaultSerializerRegistry$TaggedTypeSerializer::write (31 bytes)
Event: 172.634 Thread 0x0000000054f0f000 nmethod 6567 0x0000000003c33950 code [0x0000000003c33ae0, 0x0000000003c33ea8]
Event: 172.636 Thread 0x0000000054f0f000 6568       1       org.gradle.launcher.daemon.protocol.OutputMessage::getEvent (5 bytes)
Event: 172.637 Thread 0x0000000054f0f000 nmethod 6568 0x0000000003c34050 code [0x0000000003c341a0, 0x0000000003c342b0]
Event: 173.397 Thread 0x0000000054f0f000 6569   !   3       sun.misc.URLClassPath$JarLoader::getResource (85 bytes)
Event: 173.400 Thread 0x0000000054f0f000 nmethod 6569 0x0000000003c34310 code [0x0000000003c34560, 0x0000000003c35318]
Event: 173.824 Thread 0x0000000054f04000 nmethod 6546 0x0000000003c3f0d0 code [0x0000000003c40b20, 0x0000000003c48130]
Event: 173.824 Thread 0x0000000054f04000 6545       4       sun.reflect.generics.parser.SignatureParser::parseClassTypeSignature (118 bytes)
Event: 173.852 Thread 0x0000000054f04000 nmethod 6545 0x0000000003c3b290 code [0x0000000003c3b420, 0x0000000003c3ba08]

GC Heap History (10 events):
Event: 119.977 GC heap before
{Heap before GC invocations=17 (full 1):
 PSYoungGen      total 92160K, used 39937K [0x00000000eab00000, 0x00000000f3280000, 0x0000000100000000)
  eden space 84480K, 39% used [0x00000000eab00000,0x00000000ecbbf108,0x00000000efd80000)
  from space 7680K, 83% used [0x00000000efd80000,0x00000000f03c1508,0x00000000f0500000)
  to   space 8192K, 0% used [0x00000000f2a80000,0x00000000f2a80000,0x00000000f3280000)
 ParOldGen       total 33792K, used 16755K [0x00000000c0000000, 0x00000000c2100000, 0x00000000eab00000)
  object space 33792K, 49% used [0x00000000c0000000,0x00000000c105ce50,0x00000000c2100000)
 Metaspace       used 34754K, capacity 35406K, committed 35496K, reserved 1079296K
  class space    used 4636K, capacity 4838K, committed 4864K, reserved 1048576K
Event: 120.154 GC heap after
Heap after GC invocations=17 (full 1):
 PSYoungGen      total 127488K, used 4307K [0x00000000eab00000, 0x00000000f3100000, 0x0000000100000000)
  eden space 120832K, 0% used [0x00000000eab00000,0x00000000eab00000,0x00000000f2100000)
  from space 6656K, 64% used [0x00000000f2a80000,0x00000000f2eb4d88,0x00000000f3100000)
  to   space 8192K, 0% used [0x00000000f2100000,0x00000000f2100000,0x00000000f2900000)
 ParOldGen       total 33792K, used 19223K [0x00000000c0000000, 0x00000000c2100000, 0x00000000eab00000)
  object space 33792K, 56% used [0x00000000c0000000,0x00000000c12c5ed0,0x00000000c2100000)
 Metaspace       used 34754K, capacity 35406K, committed 35496K, reserved 1079296K
  class space    used 4636K, capacity 4838K, committed 4864K, reserved 1048576K
}
Event: 120.154 GC heap before
{Heap before GC invocations=18 (full 2):
 PSYoungGen      total 127488K, used 4307K [0x00000000eab00000, 0x00000000f3100000, 0x0000000100000000)
  eden space 120832K, 0% used [0x00000000eab00000,0x00000000eab00000,0x00000000f2100000)
  from space 6656K, 64% used [0x00000000f2a80000,0x00000000f2eb4d88,0x00000000f3100000)
  to   space 8192K, 0% used [0x00000000f2100000,0x00000000f2100000,0x00000000f2900000)
 ParOldGen       total 33792K, used 19223K [0x00000000c0000000, 0x00000000c2100000, 0x00000000eab00000)
  object space 33792K, 56% used [0x00000000c0000000,0x00000000c12c5ed0,0x00000000c2100000)
 Metaspace       used 34754K, capacity 35406K, committed 35496K, reserved 1079296K
  class space    used 4636K, capacity 4838K, committed 4864K, reserved 1048576K
Event: 121.183 GC heap after
Heap after GC invocations=18 (full 2):
 PSYoungGen      total 127488K, used 0K [0x00000000eab00000, 0x00000000f3100000, 0x0000000100000000)
  eden space 120832K, 0% used [0x00000000eab00000,0x00000000eab00000,0x00000000f2100000)
  from space 6656K, 0% used [0x00000000f2a80000,0x00000000f2a80000,0x00000000f3100000)
  to   space 8192K, 0% used [0x00000000f2100000,0x00000000f2100000,0x00000000f2900000)
 ParOldGen       total 49664K, used 18721K [0x00000000c0000000, 0x00000000c3080000, 0x00000000eab00000)
  object space 49664K, 37% used [0x00000000c0000000,0x00000000c1248408,0x00000000c3080000)
 Metaspace       used 34734K, capacity 35384K, committed 35496K, reserved 1079296K
  class space    used 4630K, capacity 4832K, committed 4864K, reserved 1048576K
}
Event: 136.253 GC heap before
{Heap before GC invocations=19 (full 2):
 PSYoungGen      total 127488K, used 120832K [0x00000000eab00000, 0x00000000f3100000, 0x0000000100000000)
  eden space 120832K, 100% used [0x00000000eab00000,0x00000000f2100000,0x00000000f2100000)
  from space 6656K, 0% used [0x00000000f2a80000,0x00000000f2a80000,0x00000000f3100000)
  to   space 8192K, 0% used [0x00000000f2100000,0x00000000f2100000,0x00000000f2900000)
 ParOldGen       total 49664K, used 18721K [0x00000000c0000000, 0x00000000c3080000, 0x00000000eab00000)
  object space 49664K, 37% used [0x00000000c0000000,0x00000000c1248408,0x00000000c3080000)
 Metaspace       used 39672K, capacity 40610K, committed 40704K, reserved 1085440K
  class space    used 5381K, capacity 5617K, committed 5632K, reserved 1048576K
Event: 136.631 GC heap after
Heap after GC invocations=19 (full 2):
 PSYoungGen      total 129024K, used 8192K [0x00000000eab00000, 0x00000000f5b00000, 0x0000000100000000)
  eden space 120832K, 0% used [0x00000000eab00000,0x00000000eab00000,0x00000000f2100000)
  from space 8192K, 100% used [0x00000000f2100000,0x00000000f2900000,0x00000000f2900000)
  to   space 12288K, 0% used [0x00000000f4f00000,0x00000000f4f00000,0x00000000f5b00000)
 ParOldGen       total 49664K, used 26749K [0x00000000c0000000, 0x00000000c3080000, 0x00000000eab00000)
  object space 49664K, 53% used [0x00000000c0000000,0x00000000c1a1f6d8,0x00000000c3080000)
 Metaspace       used 39672K, capacity 40610K, committed 40704K, reserved 1085440K
  class space    used 5381K, capacity 5617K, committed 5632K, reserved 1048576K
}
Event: 146.418 GC heap before
{Heap before GC invocations=20 (full 2):
 PSYoungGen      total 129024K, used 99547K [0x00000000eab00000, 0x00000000f5b00000, 0x0000000100000000)
  eden space 120832K, 75% used [0x00000000eab00000,0x00000000f0436d00,0x00000000f2100000)
  from space 8192K, 100% used [0x00000000f2100000,0x00000000f2900000,0x00000000f2900000)
  to   space 12288K, 0% used [0x00000000f4f00000,0x00000000f4f00000,0x00000000f5b00000)
 ParOldGen       total 49664K, used 26749K [0x00000000c0000000, 0x00000000c3080000, 0x00000000eab00000)
  object space 49664K, 53% used [0x00000000c0000000,0x00000000c1a1f6d8,0x00000000c3080000)
 Metaspace       used 43106K, capacity 44694K, committed 44800K, reserved 1087488K
  class space    used 5940K, capacity 6317K, committed 6400K, reserved 1048576K
Event: 147.368 GC heap after
Heap after GC invocations=20 (full 2):
 PSYoungGen      total 166400K, used 9948K [0x00000000eab00000, 0x00000000f5e00000, 0x0000000100000000)
  eden space 154112K, 0% used [0x00000000eab00000,0x00000000eab00000,0x00000000f4180000)
  from space 12288K, 80% used [0x00000000f4f00000,0x00000000f58b73a0,0x00000000f5b00000)
  to   space 13824K, 0% used [0x00000000f4180000,0x00000000f4180000,0x00000000f4f00000)
 ParOldGen       total 49664K, used 34997K [0x00000000c0000000, 0x00000000c3080000, 0x00000000eab00000)
  object space 49664K, 70% used [0x00000000c0000000,0x00000000c222d718,0x00000000c3080000)
 Metaspace       used 43106K, capacity 44694K, committed 44800K, reserved 1087488K
  class space    used 5940K, capacity 6317K, committed 6400K, reserved 1048576K
}
Event: 147.368 GC heap before
{Heap before GC invocations=21 (full 3):
 PSYoungGen      total 166400K, used 9948K [0x00000000eab00000, 0x00000000f5e00000, 0x0000000100000000)
  eden space 154112K, 0% used [0x00000000eab00000,0x00000000eab00000,0x00000000f4180000)
  from space 12288K, 80% used [0x00000000f4f00000,0x00000000f58b73a0,0x00000000f5b00000)
  to   space 13824K, 0% used [0x00000000f4180000,0x00000000f4180000,0x00000000f4f00000)
 ParOldGen       total 49664K, used 34997K [0x00000000c0000000, 0x00000000c3080000, 0x00000000eab00000)
  object space 49664K, 70% used [0x00000000c0000000,0x00000000c222d718,0x00000000c3080000)
 Metaspace       used 43106K, capacity 44694K, committed 44800K, reserved 1087488K
  class space    used 5940K, capacity 6317K, committed 6400K, reserved 1048576K
Event: 149.808 GC heap after
Heap after GC invocations=21 (full 3):
 PSYoungGen      total 166400K, used 0K [0x00000000eab00000, 0x00000000f5e00000, 0x0000000100000000)
  eden space 154112K, 0% used [0x00000000eab00000,0x00000000eab00000,0x00000000f4180000)
  from space 12288K, 0% used [0x00000000f4f00000,0x00000000f4f00000,0x00000000f5b00000)
  to   space 13824K, 0% used [0x00000000f4180000,0x00000000f4180000,0x00000000f4f00000)
 ParOldGen       total 49664K, used 41553K [0x00000000c0000000, 0x00000000c3080000, 0x00000000eab00000)
  object space 49664K, 83% used [0x00000000c0000000,0x00000000c2894428,0x00000000c3080000)
 Metaspace       used 43106K, capacity 44694K, committed 44800K, reserved 1087488K
  class space    used 5940K, capacity 6317K, committed 6400K, reserved 1048576K
}

Deoptimization events (10 events):
Event: 167.506 Thread 0x000000005701f000 Uncommon trap: reason=bimorphic action=maybe_recompile pc=0x00000000039e05d4 method=com.google.common.collect.AbstractMapBasedMultimap$WrappedCollection.refreshIfEmpty()V @ 40
Event: 167.506 Thread 0x000000005701f000 Uncommon trap: reason=bimorphic action=maybe_recompile pc=0x00000000039e05d4 method=com.google.common.collect.AbstractMapBasedMultimap$WrappedCollection.refreshIfEmpty()V @ 40
Event: 167.506 Thread 0x000000005701f000 Uncommon trap: reason=bimorphic action=maybe_recompile pc=0x00000000039e05d4 method=com.google.common.collect.AbstractMapBasedMultimap$WrappedCollection.refreshIfEmpty()V @ 40
Event: 167.506 Thread 0x000000005701f000 Uncommon trap: reason=bimorphic action=maybe_recompile pc=0x00000000039e05d4 method=com.google.common.collect.AbstractMapBasedMultimap$WrappedCollection.refreshIfEmpty()V @ 40
Event: 168.209 Thread 0x000000005701f000 Uncommon trap: reason=unstable_if action=reinterpret pc=0x0000000003b3ff4c method=com.esotericsoftware.kryo.io.Output.writeUtf8Length(I)V @ 4
Event: 168.231 Thread 0x000000005701f000 Uncommon trap: reason=unstable_if action=reinterpret pc=0x00000000031de8fc method=java.lang.String.regionMatches(ZILjava/lang/String;II)Z @ 102
Event: 172.352 Thread 0x000000005701f000 Uncommon trap: reason=class_check action=maybe_recompile pc=0x00000000039873d8 method=java.io.BufferedInputStream.read1([BII)I @ 39
Event: 173.178 Thread 0x000000005701f000 Uncommon trap: reason=unstable_if action=reinterpret pc=0x0000000002ddccac method=sun.misc.MetaIndex.mayContain(Ljava/lang/String;)Z @ 38
Event: 173.488 Thread 0x000000005701f000 Uncommon trap: reason=unstable_if action=reinterpret pc=0x0000000003aaf00c method=com.sun.org.apache.xerces.internal.parsers.AbstractDOMParser.startElement(Lcom/sun/org/apache/xerces/internal/xni/QName;Lcom/sun/org/apache/xerces/internal/xni/XMLAttributes;Fx€ú ¿e@
Event: 174.004 Thread 0x000000005701f000 Uncommon trap: reason=unstable_if action=reinterpret pc=0x000000000337dcf0 method=com.sun.org.apache.xerces.internal.dom.DeferredDocumentImpl.getNodeObject(I)Lcom/sun/org/apache/xerces/internal/dom/DeferredNode; @ 252

Internal exceptions (10 events):
Event: 161.957 Thread 0x000000005701f000 Exception <a 'java/lang/ClassNotFoundException': asLocalRepo869_4zoahuuvfrul0mm1t4envdjlyBeanInfo> (0x00000000eb4b8e58) thrown at [C:\re\workspace\8-2-build-windows-amd64-cygwin\jdk8u60\4407\hotspot\src\share\vm\classfile\systemDictionary.cpp, line 210]
Event: 161.958 Thread 0x000000005701f000 Exception <a 'java/lang/ClassNotFoundException': asLocalRepo869_4zoahuuvfrul0mm1t4envdjlyCustomizer> (0x00000000eb4c24c0) thrown at [C:\re\workspace\8-2-build-windows-amd64-cygwin\jdk8u60\4407\hotspot\src\share\vm\classfile\systemDictionary.cpp, line 210]
Event: 172.507 Thread 0x000000005701f000 Exception <a 'java/lang/ClassNotFoundException': com/android/build/gradle/internal/core/MergedNdkConfigBeanInfo> (0x00000000f0321ff0) thrown at [C:\re\workspace\8-2-build-windows-amd64-cygwin\jdk8u60\4407\hotspot\src\share\vm\classfile\systemDictionary.cppÈh>=Jêe@
Event: 172.509 Thread 0x000000005701f000 Exception <a 'java/lang/ClassNotFoundException': com/android/build/gradle/internal/core/MergedNdkConfigCustomizer> (0x00000000f03335b0) thrown at [C:\re\workspace\8-2-build-windows-amd64-cygwin\jdk8u60\4407\hotspot\src\share\vm\classfile\systemDictionary.c¸Ç“3ëe@
Event: 172.537 Thread 0x000000005701f000 Exception <a 'java/lang/ClassNotFoundException': com/android/builder/core/DefaultApiVersionBeanInfo> (0x00000000f0373a90) thrown at [C:\re\workspace\8-2-build-windows-amd64-cygwin\jdk8u60\4407\hotspot\src\share\vm\classfile\systemDictionary.cpp, line 210]
Event: 172.539 Thread 0x000000005701f000 Exception <a 'java/lang/ClassNotFoundException': com/android/builder/core/DefaultApiVersionCustomizer> (0x00000000f0383088) thrown at [C:\re\workspace\8-2-build-windows-amd64-cygwin\jdk8u60\4407\hotspot\src\share\vm\classfile\systemDictionary.cpp, line 210Ù Ïzëe@
Event: 172.546 Thread 0x000000005701f000 Exception <a 'java/lang/ClassNotFoundException': com/android/builder/model/AndroidProjectBeanInfo> (0x00000000f03ade58) thrown at [C:\re\workspace\8-2-build-windows-amd64-cygwin\jdk8u60\4407\hotspot\src\share\vm\classfile\systemDictionary.cpp, line 210]
Event: 172.547 Thread 0x000000005701f000 Exception <a 'java/lang/ClassNotFoundException': com/android/builder/model/AndroidProjectCustomizer> (0x00000000f03bca28) thrown at [C:\re\workspace\8-2-build-windows-amd64-cygwin\jdk8u60\4407\hotspot\src\share\vm\classfile\systemDictionary.cpp, line 210]
Event: 172.561 Thread 0x000000005701f000 Exception <a 'java/lang/ClassNotFoundException': com/android/sdklib/BuildToolInfoBeanInfo> (0x00000000f040c760) thrown at [C:\re\workspace\8-2-build-windows-amd64-cygwin\jdk8u60\4407\hotspot\src\share\vm\classfile\systemDictionary.cpp, line 210]
Event: 172.563 Thread 0x000000005701f000 Exception <a 'java/lang/ClassNotFoundException': com/android/sdklib/BuildToolInfoCustomizer> (0x00000000f0419e50) thrown at [C:\re\workspace\8-2-build-windows-amd64-cygwin\jdk8u60\4407\hotspot\src\share\vm\classfile\systemDictionary.cpp, line 210]

Events (10 events):
Event: 174.004 Thread 0x000000005701f000 DEOPT PACKING pc=0x000000000337dcf0 sp=0x000000005922a990
Event: 174.004 Thread 0x000000005701f000 DEOPT UNPACKING pc=0x00000000028d582a sp=0x000000005922a918 mode 2
Event: 174.004 loading class com/sun/org/apache/xerces/internal/dom/DeferredElementNSImpl
Event: 174.004 loading class com/sun/org/apache/xerces/internal/dom/ElementNSImpl
Event: 174.014 loading class com/sun/org/apache/xerces/internal/dom/ElementNSImpl done
Event: 174.014 loading class com/sun/org/apache/xerces/internal/dom/DeferredElementNSImpl done
Event: 174.014 loading class com/sun/org/apache/xerces/internal/dom/DeferredAttrNSImpl
Event: 174.015 loading class com/sun/org/apache/xerces/internal/dom/AttrNSImpl
Event: 174.031 loading class com/sun/org/apache/xerces/internal/dom/AttrNSImpl done
Event: 174.031 loading class com/sun/org/apache/xerces/internal/dom/DeferredAttrNSImpl done


Dynamic libraries:
0x000000013ff50000 - 0x000000013ff87000 	C:\Program Files\Java\jdk1.8.0_60\bin\java.exe
0x0000000077ae0000 - 0x0000000077c89000 	C:\Windows\SYSTEM32\ntdll.dll
0x00000000779c0000 - 0x0000000077adf000 	C:\Windows\system32\kernel32.dll
0x000007fefdd50000 - 0x000007fefddbb000 	C:\Windows\system32\KERNELBASE.dll
0x000007fefe270000 - 0x000007fefe34b000 	C:\Windows\system32\ADVAPI32.dll
0x000007feffb70000 - 0x000007feffc0f000 	C:\Windows\system32\msvcrt.dll
0x000007feffb10000 - 0x000007feffb2f000 	C:\Windows\SYSTEM32\sechost.dll
0x000007fefe350000 - 0x000007fefe47d000 	C:\Windows\system32\RPCRT4.dll
0x00000000778c0000 - 0x00000000779ba000 	C:\Windows\system32\USER32.dll
0x000007feffc90000 - 0x000007feffcf7000 	C:\Windows\system32\GDI32.dll
0x000007feffd00000 - 0x000007feffd0e000 	C:\Windows\system32\LPK.dll
0x000007fefe4e0000 - 0x000007fefe5a9000 	C:\Windows\system32\USP10.dll
0x000007fefc650000 - 0x000007fefc844000 	C:\Windows\WinSxS\amd64_microsoft.windows.common-controls_6595b64144ccf1df_6.0.7601.17514_none_fa396087175ac9ac\COMCTL32.dll
0x000007feffc10000 - 0x000007feffc81000 	C:\Windows\system32\SHLWAPI.dll
0x000007feffb30000 - 0x000007feffb5e000 	C:\Windows\system32\IMM32.DLL
0x000007fefe5b0000 - 0x000007fefe6b9000 	C:\Windows\system32\MSCTF.dll
0x00000000683b0000 - 0x0000000068482000 	C:\Program Files\Java\jdk1.8.0_60\jre\bin\msvcr100.dll
0x0000000055c30000 - 0x00000000564b9000 	C:\Program Files\Java\jdk1.8.0_60\jre\bin\server\jvm.dll
0x000007fefb230000 - 0x000007fefb239000 	C:\Windows\system32\WSOCK32.dll
0x000007fefe8b0000 - 0x000007fefe8fd000 	C:\Windows\system32\WS2_32.dll
0x000007feffb60000 - 0x000007feffb68000 	C:\Windows\system32\NSI.dll
0x000007fefb720000 - 0x000007fefb75b000 	C:\Windows\system32\WINMM.dll
0x000007fefcb40000 - 0x000007fefcb4c000 	C:\Windows\system32\VERSION.dll
0x0000000077cb0000 - 0x0000000077cb7000 	C:\Windows\system32\PSAPI.DLL
0x0000000071610000 - 0x000000007161f000 	C:\Program Files\Java\jdk1.8.0_60\jre\bin\verify.dll
0x00000000710e0000 - 0x0000000071109000 	C:\Program Files\Java\jdk1.8.0_60\jre\bin\java.dll
0x00000000710c0000 - 0x00000000710d6000 	C:\Program Files\Java\jdk1.8.0_60\jre\bin\zip.dll
0x000007fefea80000 - 0x000007feff808000 	C:\Windows\system32\SHELL32.dll
0x000007fefe060000 - 0x000007fefe263000 	C:\Windows\system32\ole32.dll
0x000007fefda30000 - 0x000007fefda3f000 	C:\Windows\system32\profapi.dll
0x0000000070fe0000 - 0x0000000070ffa000 	C:\Program Files\Java\jdk1.8.0_60\jre\bin\net.dll
0x000007fefd260000 - 0x000007fefd2b5000 	C:\Windows\system32\mswsock.dll
0x000007fefd250000 - 0x000007fefd257000 	C:\Windows\System32\wship6.dll
0x0000000070fc0000 - 0x0000000070fd1000 	C:\Program Files\Java\jdk1.8.0_60\jre\bin\nio.dll
0x000007fef20f0000 - 0x000007fef2102000 	C:\Users\PH-Dataô 01221240053\.gradle\native\19\windows-amd64\native-platform.dll
0x000007fefadd0000 - 0x000007fefadf7000 	C:\Windows\system32\IPHLPAPI.DLL
0x000007fefadc0000 - 0x000007fefadcb000 	C:\Windows\system32\WINNSI.DLL
0x000007fefa8b0000 - 0x000007fefa8c8000 	C:\Windows\system32\dhcpcsvc.DLL
0x000007fefa890000 - 0x000007fefa8a1000 	C:\Windows\system32\dhcpcsvc6.DLL
0x000007fefd2c0000 - 0x000007fefd2d7000 	C:\Windows\system32\CRYPTSP.dll
0x000007fefcfc0000 - 0x000007fefd007000 	C:\Windows\system32\rsaenh.dll
0x000007fefcd80000 - 0x000007fefcd9e000 	C:\Windows\system32\USERENV.dll
0x000007fefd960000 - 0x000007fefd96f000 	C:\Windows\system32\CRYPTBASE.dll
0x000007fefd8c0000 - 0x000007fefd917000 	C:\Windows\system32\apphelp.dll
0x0000000071570000 - 0x000000007157d000 	C:\Program Files\Java\jdk1.8.0_60\jre\bin\management.dll
0x000007fef8d30000 - 0x000007fef8e55000 	C:\Windows\system32\dbghelp.dll

VM Arguments:
jvm_args: -XX:MaxPermSize=256m -XX:+HeapDumpOnOutOfMemoryError -Xmx1024m -Dfile.encoding=windows-1256 -Duser.country=US -Duser.language=en -Duser.variant 
java_command: org.gradle.launcher.daemon.bootstrap.GradleDaemon 2.8
java_class_path (initial): C:\Program Files\Android\Android Studio3\gradle\gradle-2.8\lib\gradle-launcher-2.8.jar
Launcher Type: SUN_STANDARD

Environment Variables:
PATH=C:\ProgramData\Oracle\Java\javapath;C:\Windows\system32;C:\Windows;C:\Windows\System32\Wbem;C:\Windows\System32\WindowsPowerShell\v1.0\;C:\Program Files\Microsoft\Web Platform Installer\;C:\Program Files (x86)\Microsoft ASP.NET\ASP.NET Web Pages\v1.0\;C:\Program Files\Microsoft SQL Server\110\Tools\Binn\;C:\Program Files (x86)\Windows Kits\8.0\Windows Performance Toolkit\;C:\Program Files (x86)\Skype\Phone\;C:\AppServ\Apache2.2\bin;C:\AppServ\php5;C:\AppServ\MySQL\bin
USERNAME=PH-Dataô 01221240053
OS=Windows_NT
PROCESSOR_IDENTIFIER=AMD64 Family 22 Model 48 Stepping 1, AuthenticAMD



---------------  S Y S T E M  ---------------

OS: Windows 7 , 64 bit Build 7601 (6.1.7601.17514)

CPU:total 2 (2 cores per cpu, 1 threads per core) family 22 model 48 stepping 1, cmov, cx8, fxsr, mmx, sse, sse2, sse3, ssse3, sse4.1, sse4.2, popcnt, avx, aes, clmul, mmxext, 3dnowpref, lzcnt, sse4a, tsc, tscinvbit, tscinv, bmi1

Memory: 4k page, physical 3638360k(359608k free), swap 8090364k(2818184k free)

vm_info: Java HotSpot(TM) 64-Bit Server VM (25.60-b23) for windows-amd64 JRE (1.8.0_60-b27), built on Aug  4 2015 11:06:27 by "java_re" with MS VC++ 10.0 (VS2010)

time: Sun Nov 27 10:54:56 2016
elapsed time: 174 seconds (0d 0h 2m 54s)

